<?xml version="1.0" encoding="UTF-8"?>
<!-- Generated by org.testng.reporters.JUnitXMLReporter -->
<testsuite hostname="DESKTOP-9S1OJUV" name="Test" tests="1" failures="0" timestamp="6 Apr 2020 15:39:20 GMT" time="0.515" errors="0">
  <testcase name="@BeforeClass configBC" time="0.0" classname="com.flipkart.testscripts.AddProduct">
    <failure type="java.lang.IllegalStateException" message="The driver executable does not exist: E:\Selenium\ELF-BCA_BSC TEAM3\Flipkart_Automation\.\src\com\P_Flipkart\Resourcechromedriver.exe">
      <![CDATA[java.lang.IllegalStateException: The driver executable does not exist: E:\Selenium\ELF-BCA_BSC TEAM3\Flipkart_Automation\.\src\com\P_Flipkart\Resourcechromedriver.exe
	at com.google.common.base.Preconditions.checkState(Preconditions.java:585)
	at org.openqa.selenium.remote.service.DriverService.checkExecutable(DriverService.java:137)
	at org.openqa.selenium.remote.service.DriverService.findExecutable(DriverService.java:132)
	at org.openqa.selenium.chrome.ChromeDriverService.access$000(ChromeDriverService.java:35)
	at org.openqa.selenium.chrome.ChromeDriverService$Builder.findDefaultExecutable(ChromeDriverService.java:156)
	at org.openqa.selenium.remote.service.DriverService$Builder.build(DriverService.java:346)
	at org.openqa.selenium.chrome.ChromeDriverService.createDefaultService(ChromeDriverService.java:91)
	at org.openqa.selenium.chrome.ChromeDriver.<init>(ChromeDriver.java:123)
	at com.flipkart.genericlib.Base.configBC(Base.java:23)
... Removed 24 stack frames]]>
    </failure>
  </testcase> <!-- @BeforeClass configBC -->
  <testcase name="@AfterClass configAC" time="0.0" classname="com.flipkart.testscripts.AddProduct">
    <skipped/>
  </testcase> <!-- @AfterClass configAC -->
  <testcase name="addProductTest" time="0.016" classname="com.flipkart.testscripts.AddProduct">
    <skipped/>
  </testcase> <!-- addProductTest -->
</testsuite> <!-- Test -->
